2025-09-25 21:16:46,348 - INFO - Starting Comprehensive Services Security Audit
2025-09-25 21:16:46,349 - INFO - Audit Time: 2025-09-25 21:16:46
2025-09-25 21:16:46,350 - INFO - 
2025-09-25 21:16:46,350 - INFO - ============================================================
2025-09-25 21:16:46,351 - INFO - RUNNING SERVICES REVIEW
2025-09-25 21:16:46,352 - INFO - ============================================================
2025-09-25 21:16:46,352 - INFO - Executing: ps -edf
2025-09-25 21:16:46,399 - INFO - [SUCCESS] Running processes
2025-09-25 21:16:46,401 - INFO - Executing: lsof -i TCP -n -P | grep LISTEN
2025-09-25 21:16:46,535 - INFO - [SUCCESS] TCP listening services
2025-09-25 21:16:46,536 - INFO - Executing: lsof -i UDP -n -P
2025-09-25 21:16:46,563 - INFO - [SUCCESS] UDP listening services
2025-09-25 21:16:46,564 - INFO - Executing: ss -tuln
2025-09-25 21:16:46,584 - INFO - [SUCCESS] Network sockets (ss)
2025-09-25 21:16:46,585 - INFO - 
2025-09-25 21:16:46,586 - INFO - SERVICES SECURITY ANALYSIS
2025-09-25 21:16:46,587 - INFO - ----------------------------------------
2025-09-25 21:16:46,588 - INFO - 
2025-09-25 21:16:46,589 - INFO - ============================================================
2025-09-25 21:16:46,590 - INFO - SSH CONFIGURATION REVIEW
2025-09-25 21:16:46,591 - INFO - ============================================================
2025-09-25 21:16:46,593 - WARNING - [-] SSH configuration file not found
2025-09-25 21:16:46,594 - INFO - 
2025-09-25 21:16:46,595 - INFO - ============================================================
2025-09-25 21:16:46,597 - INFO - MYSQL CONFIGURATION REVIEW
2025-09-25 21:16:46,598 - INFO - ============================================================
2025-09-25 21:16:46,600 - INFO - Executing: mysql -u root -e "SELECT version();" 2>/dev/null
2025-09-25 21:16:46,606 - WARNING - [WARNING] MySQL connection test - Return code: 127
2025-09-25 21:16:46,608 - INFO - 
2025-09-25 21:16:46,608 - INFO - ============================================================
2025-09-25 21:16:46,610 - INFO - APACHE CONFIGURATION REVIEW
2025-09-25 21:16:46,611 - INFO - ============================================================
2025-09-25 21:16:46,613 - INFO - Executing: ps aux | grep apache | grep -v grep
2025-09-25 21:16:46,629 - WARNING - [WARNING] Apache processes - Return code: 1
2025-09-25 21:16:46,629 - INFO - [+] Apache running as non-root user
2025-09-25 21:16:46,633 - INFO - 
2025-09-25 21:16:46,635 - INFO - ============================================================
2025-09-25 21:16:46,636 - INFO - PHP CONFIGURATION REVIEW
2025-09-25 21:16:46,637 - INFO - ============================================================
2025-09-25 21:16:46,639 - INFO - [+] Suhosin not installed (consider installing for additional PHP protection)
2025-09-25 21:16:46,639 - INFO - 
2025-09-25 21:16:46,640 - INFO - ============================================================
2025-09-25 21:16:46,641 - INFO - CRONTAB SECURITY REVIEW
2025-09-25 21:16:46,641 - INFO - ============================================================
2025-09-25 21:16:46,642 - INFO - Executing: cat /etc/crontab
2025-09-25 21:16:46,650 - INFO - [SUCCESS] System crontab
2025-09-25 21:16:46,650 - INFO - Executing: ls -la /etc/cron.daily/
2025-09-25 21:16:46,661 - INFO - [SUCCESS] Daily cron jobs
2025-09-25 21:16:46,662 - INFO - Executing: ls -la /etc/cron.hourly/
2025-09-25 21:16:46,669 - INFO - [SUCCESS] Hourly cron jobs
2025-09-25 21:16:46,669 - INFO - Executing: ls /home/
2025-09-25 21:16:46,674 - INFO - [SUCCESS] System users
2025-09-25 21:16:46,675 - INFO - Executing: crontab -u trami25 -l 2>/dev/null
2025-09-25 21:16:46,680 - WARNING - [WARNING] Crontab for user trami25 - Return code: 1
2025-09-25 21:16:46,681 - INFO - Executing: ls -la /etc/cron.d
2025-09-25 21:16:46,685 - INFO - [SUCCESS] Permissions: /etc/cron.d
2025-09-25 21:16:46,686 - INFO - Executing: ls -la /etc/cron.daily
2025-09-25 21:16:46,694 - INFO - [SUCCESS] Permissions: /etc/cron.daily
2025-09-25 21:16:46,697 - INFO - Executing: ls -la /etc/cron.hourly
2025-09-25 21:16:46,702 - INFO - [SUCCESS] Permissions: /etc/cron.hourly
2025-09-25 21:16:46,703 - INFO - Executing: ls -la /etc/cron.weekly
2025-09-25 21:16:46,710 - INFO - [SUCCESS] Permissions: /etc/cron.weekly
2025-09-25 21:16:46,711 - INFO - Executing: ls -la /etc/cron.monthly
2025-09-25 21:16:46,715 - INFO - [SUCCESS] Permissions: /etc/cron.monthly
2025-09-25 21:16:46,716 - INFO - 
2025-09-25 21:16:46,716 - INFO - ============================================================
2025-09-25 21:16:46,717 - INFO - SERVICES AUDIT SUMMARY
2025-09-25 21:16:46,718 - INFO - ============================================================
2025-09-25 21:16:46,719 - INFO - [+] No critical security issues found!
2025-09-25 21:16:46,720 - INFO - [+] No warnings identified
2025-09-25 21:16:46,721 - INFO - 
2025-09-25 21:16:46,723 - INFO - FINAL ASSESSMENT
2025-09-25 21:16:46,724 - INFO - ----------------------------------------
2025-09-25 21:16:46,726 - INFO - [+] GOOD: Services security configuration is acceptable
