2025-09-25 20:59:21,301 - INFO - Starting Comprehensive Network Security Audit
2025-09-25 20:59:21,303 - INFO - Audit Time: 2025-09-25 20:59:21
2025-09-25 20:59:21,303 - INFO - 
2025-09-25 20:59:21,305 - INFO - ============================================================
2025-09-25 20:59:21,306 - INFO - GENERAL NETWORK INFORMATION
2025-09-25 20:59:21,307 - INFO - ============================================================
2025-09-25 20:59:21,308 - INFO - Executing: ifconfig -a
2025-09-25 20:59:21,417 - WARNING - [WARNING] Network interfaces (ifconfig) - Return code: 127
2025-09-25 20:59:21,418 - WARNING - Errors:
/bin/sh: 1: ifconfig: not found

2025-09-25 20:59:21,418 - INFO - Executing: ip addr show
2025-09-25 20:59:21,425 - INFO - [SUCCESS] Network interfaces (ip addr)
2025-09-25 20:59:21,426 - INFO - Output:
1: lo: <LOOPBACK,UP,LOWER_UP> mtu 65536 qdisc noqueue state UNKNOWN group default qlen 1000
    link/loopback 00:00:00:00:00:00 brd 00:00:00:00:00:00
    inet 127.0.0.1/8 scope host lo
       valid_lft forever preferred_lft forever
    inet6 ::1/128 scope host 
       valid_lft forever preferred_lft forever
2: eth0: <BROADCAST,MULTICAST,UP,LOWER_UP> mtu 1500 qdisc mq state UP group default qlen 1000
    link/ether 00:15:5d:cc:7e:dc brd ff:ff:ff:ff:ff:ff
    inet 172.26.207.186/20 brd 172.26.207.255 scope global eth0
       valid_lft forever preferred_lft forever
    inet6 fe80::215:5dff:fecc:7edc/64 scope link 
       valid_lft forever preferred_lft forever

2025-09-25 20:59:21,427 - INFO - Executing: route -n
2025-09-25 20:59:21,532 - WARNING - [WARNING] System routes - Return code: 127
2025-09-25 20:59:21,533 - WARNING - Errors:
/bin/sh: 1: route: not found

2025-09-25 20:59:21,533 - INFO - Executing: netstat -rn
2025-09-25 20:59:21,628 - WARNING - [WARNING] System routes (netstat) - Return code: 127
2025-09-25 20:59:21,629 - WARNING - Errors:
/bin/sh: 1: netstat: not found

2025-09-25 20:59:21,629 - INFO - Executing: cat /etc/resolv.conf
2025-09-25 20:59:21,634 - INFO - [SUCCESS] DNS configuration
2025-09-25 20:59:21,634 - INFO - Output:
# This file was automatically generated by WSL. To stop automatic generation of this file, add the following entry to /etc/wsl.conf:
# [network]
# generateResolvConf = false
nameserver 172.26.192.1

2025-09-25 20:59:21,635 - INFO - Executing: cat /etc/hosts
2025-09-25 20:59:21,643 - INFO - [SUCCESS] Hosts file
2025-09-25 20:59:21,644 - INFO - Output:
# This file was automatically generated by WSL. To stop automatic generation of this file, add the following entry to /etc/wsl.conf:
# [network]
# generateHosts = false
127.0.0.1	localhost
127.0.1.1	DESKTOP-K45OP6E.	DESKTOP-K45OP6E
﻿
0.0.0.1	scinstallcheck.mcafee.com
0.0.0.1	mssplus.mcafee.com
192.168.0.101	host.docker.internal
192.168.0.101	gateway.docker.internal
127.0.0.1	kubernetes.docker.internal

# The following lines are desirable for IPv6 capable hosts
::1     ip6-localhost ip6-loopback
fe00::0 ip6-localnet
ff00::0 ip6-mcastprefix
ff02::1 ip6-allnodes
ff02::2 ip6-allrouters

2025-09-25 20:59:21,644 - INFO - Executing: cat /etc/nsswitch.conf
2025-09-25 20:59:21,655 - INFO - [SUCCESS] Name service switch configuration
2025-09-25 20:59:21,655 - INFO - Output:
# /etc/nsswitch.conf
#
# Example configuration of GNU Name Service Switch functionality.
# If you have the `glibc-doc-reference' and `info' packages installed, try:
# `info libc "Name Service Switch"' for information about this file.

passwd:         files systemd
group:          files systemd
shadow:         files systemd
gshadow:        files systemd

hosts:          files dns
networks:       files

protocols:      db files
services:       db files
ethers:         db files
rpc:            db files

netgroup:       nis

2025-09-25 20:59:21,656 - INFO - Executing: cat /etc/network/interfaces
2025-09-25 20:59:21,664 - WARNING - [WARNING] Network interfaces configuration - Return code: 1
2025-09-25 20:59:21,664 - WARNING - Errors:
cat: /etc/network/interfaces: No such file or directory

2025-09-25 20:59:21,665 - INFO - 
2025-09-25 20:59:21,666 - INFO - ============================================================
2025-09-25 20:59:21,669 - INFO - FIREWALL CONFIGURATION
2025-09-25 20:59:21,671 - INFO - ============================================================
2025-09-25 20:59:21,672 - INFO - Executing: iptables -L -v -n
2025-09-25 20:59:21,764 - WARNING - [WARNING] Current iptables rules - Return code: 127
2025-09-25 20:59:21,765 - WARNING - Errors:
/bin/sh: 1: iptables: not found

2025-09-25 20:59:21,765 - INFO - Executing: cat /etc/network/if-pre-up.d/iptables 2>/dev/null || echo "File not found"
2025-09-25 20:59:21,769 - INFO - [SUCCESS] Firewall persistence script
2025-09-25 20:59:21,770 - INFO - Output:
File not found

2025-09-25 20:59:21,770 - INFO - Executing: cat /etc/iptables.up.rules 2>/dev/null || echo "File not found"
2025-09-25 20:59:21,775 - INFO - [SUCCESS] Saved firewall rules
2025-09-25 20:59:21,775 - INFO - Output:
File not found

2025-09-25 20:59:21,776 - INFO - 
2025-09-25 20:59:21,777 - INFO - FIREWALL SECURITY ANALYSIS
2025-09-25 20:59:21,777 - INFO - ----------------------------------------
2025-09-25 20:59:21,778 - ERROR - [-] Cannot analyze firewall - iptables command failed
2025-09-25 20:59:21,778 - INFO - 
2025-09-25 20:59:21,779 - INFO - ============================================================
2025-09-25 20:59:21,780 - INFO - IPv6 CONFIGURATION
2025-09-25 20:59:21,783 - INFO - ============================================================
2025-09-25 20:59:21,784 - INFO - Executing: ip6tables -L -v -n
2025-09-25 20:59:21,911 - WARNING - [WARNING] IPv6 firewall rules - Return code: 127
2025-09-25 20:59:21,915 - WARNING - Errors:
/bin/sh: 1: ip6tables: not found

2025-09-25 20:59:21,918 - INFO - Executing: sysctl net.ipv6.conf.all.disable_ipv6
2025-09-25 20:59:21,929 - INFO - [SUCCESS] IPv6 disable status
2025-09-25 20:59:21,931 - INFO - Output:
net.ipv6.conf.all.disable_ipv6 = 0

2025-09-25 20:59:21,931 - INFO - Executing: ip -6 addr show
2025-09-25 20:59:21,937 - INFO - [SUCCESS] IPv6 addresses
2025-09-25 20:59:21,938 - INFO - Output:
1: lo: <LOOPBACK,UP,LOWER_UP> mtu 65536 state UNKNOWN qlen 1000
    inet6 ::1/128 scope host 
       valid_lft forever preferred_lft forever
2: eth0: <BROADCAST,MULTICAST,UP,LOWER_UP> mtu 1500 state UP qlen 1000
    inet6 fe80::215:5dff:fecc:7edc/64 scope link 
       valid_lft forever preferred_lft forever

2025-09-25 20:59:21,939 - WARNING - [-] IPv6 is enabled
2025-09-25 20:59:21,940 - INFO - [+] IPv6 addresses are configured
2025-09-25 20:59:21,942 - INFO - 
2025-09-25 20:59:21,943 - INFO - ============================================================
2025-09-25 20:59:21,944 - INFO - NETWORK SERVICES
2025-09-25 20:59:21,946 - INFO - ============================================================
2025-09-25 20:59:21,948 - INFO - Executing: ss -tuln
2025-09-25 20:59:21,957 - INFO - [SUCCESS] Listening ports and services
2025-09-25 20:59:21,958 - INFO - Output:
Netid State  Recv-Q Send-Q Local Address:Port Peer Address:PortProcess
udp   UNCONN 0      0         127.0.0.54:53        0.0.0.0:*          
udp   UNCONN 0      0      127.0.0.53%lo:53        0.0.0.0:*          
udp   UNCONN 0      0          127.0.0.1:323       0.0.0.0:*          
udp   UNCONN 0      0              [::1]:323          [::]:*          
tcp   LISTEN 0      4096      127.0.0.54:53        0.0.0.0:*          
tcp   LISTEN 0      4096   127.0.0.53%lo:53        0.0.0.0:*          
tcp   LISTEN 0      511          0.0.0.0:6379      0.0.0.0:*          

2025-09-25 20:59:21,958 - INFO - 
2025-09-25 20:59:21,959 - INFO - LISTENING SERVICES ANALYSIS
2025-09-25 20:59:21,961 - INFO - ----------------------------------------
2025-09-25 20:59:21,963 - INFO - Executing: netstat -tuln
2025-09-25 20:59:22,073 - WARNING - [WARNING] Listening ports (alternative) - Return code: 127
2025-09-25 20:59:22,073 - WARNING - Errors:
/bin/sh: 1: netstat: not found

2025-09-25 20:59:22,073 - INFO - Executing: systemctl list-units --type=service --state=running
2025-09-25 20:59:22,086 - INFO - [SUCCESS] Running services
2025-09-25 20:59:22,086 - INFO - Output:
  UNIT                        LOAD   ACTIVE SUB     DESCRIPTION
  console-getty.service       loaded active running Console Getty
  cron.service                loaded active running Regular background program processing daemon
  dbus.service                loaded active running D-Bus System Message Bus
  getty@tty1.service          loaded active running Getty on tty1
  polkit.service              loaded active running Authorization Manager
  redis-server.service        loaded active running Advanced key-value store
  rsyslog.service             loaded active running System Logging Service
  systemd-journald.service    loaded active running Journal Service
  systemd-logind.service      loaded active running User Login Management
  systemd-resolved.service    loaded active running Network Name Resolution
  systemd-timesyncd.service   loaded active running Network Time Synchronization
  systemd-udevd.service       loaded active running Rule-based Manager for Device Events and Files
  unattended-upgrades.service loaded active running Unattended Upgrades Shutdown
  wsl-pro.service             loaded active running Bridge to Ubuntu Pro agent on Windows

Legend: LOAD   → Reflects whether the unit definition was properly loaded.
        ACTIVE → The high-level unit activation state, i.e. generalization of SUB.
        SUB    → The low-level unit activation state, values depend on unit type.

14 loaded units listed.

2025-09-25 20:59:22,087 - INFO - Executing: ps aux | grep -E "(ssh|apache|nginx|mysql|postgres)" | grep -v grep
2025-09-25 20:59:22,106 - WARNING - [WARNING] Key service processes - Return code: 1
2025-09-25 20:59:22,106 - INFO - 
2025-09-25 20:59:22,107 - INFO - ============================================================
2025-09-25 20:59:22,107 - INFO - AUDIT SUMMARY
2025-09-25 20:59:22,108 - INFO - ============================================================
2025-09-25 20:59:22,109 - INFO - [+] No critical security issues found!
2025-09-25 20:59:22,109 - WARNING - WARNINGS: 1
2025-09-25 20:59:22,110 - WARNING -   1. IPv6 is enabled - ensure proper firewall rules
2025-09-25 20:59:22,110 - INFO - INFORMATIONAL FINDINGS: 1
2025-09-25 20:59:22,111 - INFO -   1. IPv6 addresses are configured on the system
2025-09-25 20:59:22,112 - INFO - 
2025-09-25 20:59:22,112 - INFO - SYSTEM INFORMATION
2025-09-25 20:59:22,113 - INFO - ----------------------------------------
2025-09-25 20:59:22,114 - INFO - Executing: uname -a
2025-09-25 20:59:22,121 - INFO - [SUCCESS] System information
2025-09-25 20:59:22,122 - INFO - Output:
Linux DESKTOP-K45OP6E 5.15.146.1-microsoft-standard-WSL2 #1 SMP Thu Jan 11 04:09:03 UTC 2024 x86_64 x86_64 x86_64 GNU/Linux

2025-09-25 20:59:22,123 - INFO - Executing: lsb_release -a
2025-09-25 20:59:22,165 - INFO - [SUCCESS] Distribution information
2025-09-25 20:59:22,166 - INFO - Output:
Distributor ID:	Ubuntu
Description:	Ubuntu 24.04.1 LTS
Release:	24.04
Codename:	noble

2025-09-25 20:59:22,167 - INFO - 
2025-09-25 20:59:22,168 - INFO - Audit completed. Full log saved to: system_audit.log
2025-09-25 20:59:22,169 - INFO - 
2025-09-25 20:59:22,170 - INFO - FINAL SCORE
2025-09-25 20:59:22,171 - INFO - ----------------------------------------
2025-09-25 20:59:22,171 - INFO - [+] GOOD: No critical security issues, but review warnings
